Drill Listing
=============
Drill: .01969  Tool: 1  Feed: 95  Speed: 300
X 1487795  Y 1427952
X 1511417  Y 1427952
X 1528740  Y 1385039
X 1541732  Y 1448031
X 1542913  Y 1456299
X 1549212  Y 1456299
X 1567322  Y 1386220
X 1618897  Y 1430708
X 1637795  Y 1448425
X 1680708  Y 1426771
X 1681102  Y 1454330
X 1729921  Y 1426771
X 1730314  Y 1450393
X 1753149  Y 1422834
X 1766535  Y 1402362
X 1770866  Y 1452362
X 1774409  Y 1424803
X 1782283  Y 1395275
X 1833858  Y 1400787
X 1670472  Y 1463779
X 1660629  Y 1470472
X 1644094  Y 1465354
X 1615354  Y 1498818
X 1614960  Y 1507480
X 1612598  Y 1463385
X 1603149  Y 1492519
X 1596456  Y 1507086
X 1567000  Y 1482500
X 1561023  Y 1474409
X 1559448  Y 1487007
X 1553937  Y 1466929
X 1552500  Y 1497500
X 1546062  Y 1482677
X 1540157  Y 1493700
X 1534645  Y 1471653
X 1526377  Y 1484251
X 1520866  Y 1466535
X 1510629  Y 1479527
X 1504724  Y 1509055
X 1499212  Y 1501181
X 1460236  Y 1471259
X 1450393  Y 1492125
X 1450393  Y 1462204
X 1438582  Y 1548818
X 1447244  Y 1527165
X 1447244  Y 1538188
X 1451181  Y 1522047
X 1451181  Y 1512204
X 1460629  Y 1517716
X 1492913  Y 1521653
X 1525196  Y 1527559
X 1525590  Y 1518110
X 1529133  Y 1558267
X 1530314  Y 1531102
X 1533858  Y 1539763
X 1537007  Y 1547244
X 1549606  Y 1523622
X 1559842  Y 1515748
X 1562204  Y 1539763
X 1573622  Y 1539763
X 1596850  Y 1514173
X 1632677  Y 1624409
X 1618503  Y 1609448
X 1548031  Y 1580314
X 1526377  Y 1605511
X 1521653  Y 1600787
X 1513385  Y 1588582
X 1513385  Y 1620472
X 1488582  Y 1611811
X 1488582  Y 1597244

Drill: .035  Tool: 2  Feed: 197  Speed: 550
X 1412903  Y 1452169
X 1422903  Y 1452169
X 1456692  Y 1422204
X 1456692  Y 1432204
X 1456692  Y 1412204
X 1456692  Y 1442204
X 1593307  Y 1444094
X 1593307  Y 1454094
X 1833641  Y 1459475
X 1873641  Y 1459475
X 1886614  Y 1410000
X 1886614  Y 1450000
X 1593307  Y 1464094
X 1593307  Y 1474094
X 1585433  Y 1507322
X 1585433  Y 1497322
X 1585433  Y 1487322
X 1422903  Y 1482169
X 1422903  Y 1502169
X 1422903  Y 1462169
X 1422903  Y 1472169
X 1422903  Y 1492169
X 1412903  Y 1482169
X 1412903  Y 1462169
X 1412903  Y 1472169
X 1412903  Y 1502169
X 1412903  Y 1492169
X 1412903  Y 1522169
X 1412903  Y 1532169
X 1412903  Y 1512169
X 1412903  Y 1542169
X 1422903  Y 1512169
X 1422903  Y 1532169
X 1422903  Y 1522169
X 1422903  Y 1542169
X 1585433  Y 1517322
X 1588976  Y 1555511
X 1598976  Y 1555511
X 1608976  Y 1555511
X 1618976  Y 1555511

Drill: .03543  Tool: 3  Feed: 197  Speed: 550
X 1964173  Y 1422440
X 2052755  Y 1422440

Drill: .03622  Tool: 4  Feed: 197  Speed: 550
X 1433858  Y 1605905
X 1433858  Y 1598031
X 1433858  Y 1588188
X 1433858  Y 1615748

Drill: .037  Tool: 5  Feed: 197  Speed: 550
X 1796850  Y 1437637
X 1796850  Y 1497637
X 1891732  Y 1487007
X 1919291  Y 1486062
X 1921741  Y 1459740
X 1921741  Y 1399740
X 1946850  Y 1487007
X 1980944  Y 1461811
X 2040944  Y 1461811
X 1946850  Y 1547007
X 1919291  Y 1546062
X 1891732  Y 1547007

Drill: .04016  Tool: 6  Feed: 139  Speed: 550
X 1627165  Y 1498818
X 1634645  Y 1477165
X 1659842  Y 1453543
X 1659842  Y 1416141
X 1756299  Y 1476771
X 1761720  Y 1391125
X 1633070  Y 1540551
X 1574409  Y 1612992

Drill: .04094  Tool: 7  Feed: 139  Speed: 550
X 1668672  Y 1586421
X 1668672  Y 1617917
X 1820246  Y 1617917
X 1820246  Y 1575594

Drill: .04724  Tool: 8  Feed: 139  Speed: 550
X 2093978  Y 1609210
X 2099884  Y 1583619
X 2110514  Y 1533619

Drill: .06693  Tool: 9  Feed: 89  Speed: 550
X 2110629  Y 1414173
X 2110629  Y 1434173
X 2162598  Y 1434251
X 2162598  Y 1414251

Drill: .09055  Tool: 10  Feed: 66  Speed: 550
X 1421771  Y 1626417
X 1423188  Y 1576102

End of Listing
